112.294256309 336.882768927 224.588512618
Case #1: not a triangle
1281.92082439 575.534534151 1692.23077622
127.051463959
Case #2: scalene obtuse triangle
200.63150301 224.859956417 200.63150301
68.1642292791
Case #3: isosceles acute triangle
49.0102030194 49.0102030194 70.7106781187
92.3382786558
Case #4: isosceles obtuse triangle
243.287895301 485.075251894 243.287895301
170.998235411
Case #5: isosceles obtuse triangle
1366.69674764 1206.24417097 632.149507632
90.496752657
Case #6: scalene obtuse triangle
2094.4808426 460.053257787 1855.7577967
115.361354574
Case #7: scalene obtuse triangle
250.479540083 125.239770041 125.239770041
Case #8: not a triangle
121.198184805 230.516810667 121.198184805
143.975781163
Case #9: isosceles obtuse triangle
911.107567744 1238.47042758 1213.21144076
69.6666105955
Case #10: scalene acute triangle
122.249744376 122.249744376 98.0
66.3706222693
Case #11: isosceles acute triangle
168.961534084 253.442301126 84.480767042
Case #12: not a triangle
234.691286587 234.691286587 396.0
115.057615418
Case #13: isosceles obtuse triangle
597.369232552 267.151642331 534.303284661
90.0
Case #14: scalene right triangle
695.689585951 169.070991007 558.914125783
139.175759306
Case #15: scalene obtuse triangle
216.601015695 108.300507847 242.167297544
90.0
Case #16: scalene right triangle
1702.88754767 1284.8645843 580.32835533
127.709996714
Case #17: scalene obtuse triangle
146.167711893 146.167711893 242.0
111.750116496
Case #18: isosceles obtuse triangle
149.616175596 149.616175596 211.589224678
90.0
Case #19: isosceles right triangle
179.724789609 0.0 179.724789609
Case #20: not a triangle
166.6433317 117.834629884 117.834629884
90.0
Case #21: isosceles right triangle
568.858506133 508.802515717 254.401257859
90.0
Case #22: scalene right triangle
1776.89982835 1261.44877026 1246.8785025
90.2078919643
Case #23: scalene obtuse triangle
253.450192346 492.0 253.450192346
152.146826785
Case #24: isosceles obtuse triangle
61.611687203 65.0538238692 61.611687203
63.7319553872
Case #25: isosceles acute triangle
498.902796144 166.300932048 525.88972228
90.0
Case #26: scalene right triangle
432.78632141 216.393160705 483.869817203
90.0
Case #27: scalene right triangle
560.457848549 1349.6229103 959.193932425
123.110212475
Case #28: scalene obtuse triangle
314.0 178.058978993 178.058978993
123.703600304
Case #29: isosceles obtuse triangle
374.774598926 265.005660317 265.005660317
90.0
Case #30: isosceles right triangle
55.4616984954 39.2173431023 39.2173431023
90.0
Case #31: isosceles right triangle
270.33682694 540.67365388 270.33682694
Case #32: not a triangle
844.566752838 1716.34553631 888.041102652
164.282385678
Case #33: scalene obtuse triangle
1547.48311784 1199.83540538 384.506176803
151.0323801
Case #34: scalene obtuse triangle
243.378306346 730.134919039 769.629781129
90.0
Case #35: scalene right triangle
10.0 23.5372045919 23.5372045919
77.7352262721
Case #36: isosceles acute triangle
0.0 0.0 0.0
Case #37: not a triangle
252.794382849 252.794382849 505.588765698
Case #38: not a triangle
148.838839017 184.0 148.838839017
76.3576952704
Case #39: isosceles acute triangle
632.113913785 650.613556576 566.697450144
65.4722795197
Case #40: scalene acute triangle
224.162887205 317.014195266 224.162887205
90.0
Case #41: isosceles right triangle
1489.65096583 1564.20235264 1331.40564818
67.0772647087
Case #42: scalene acute triangle
1220.27414953 843.294136111 1351.03293816
79.5038207864
Case #43: scalene acute triangle
167.200478468 83.6002392341 83.6002392341
Case #44: not a triangle
91.0 273.0 287.767267075
90.0
Case #45: scalene right triangle
1489.50092313 1529.31095595 59.5399025864
131.115303045
Case #46: scalene obtuse triangle
164.20109622 116.107708616 116.107708616
90.0
Case #47: isosceles right triangle
307.546744415 137.539085354 275.078170708
90.0
Case #48: scalene right triangle
160.0 176.207264322 176.207264322
62.998694973
Case #49: isosceles acute triangle
171.417618698 271.529003976 171.417618698
104.747532723
Case #50: isosceles obtuse triangle
124.579292019 373.737876058 249.158584038
Case #51: not a triangle
0.0 0.0 0.0
Case #52: not a triangle
314.582262691 222.44325119 222.44325119
90.0
Case #53: isosceles right triangle
637.169522184 2072.86516686 1581.62353296
133.572795897
Case #54: scalene obtuse triangle
118.562219952 182.0 118.562219952
100.26510888
Case #55: isosceles obtuse triangle
76.0591874792 107.563934476 76.0591874792
90.0
Case #56: isosceles right triangle
0.0 0.0 0.0
Case #57: not a triangle
145.715476186 226.0 145.715476186
101.697843292
Case #58: isosceles obtuse triangle
1639.70271696 972.576475142 2048.28220712
100.129244307
Case #59: scalene obtuse triangle
161.721983663 322.440692221 161.721983663
170.972023084
Case #60: isosceles obtuse triangle
534.026216585 637.910652051 712.327172021
74.2704760034
Case #61: scalene acute triangle
1228.96257063 1700.43670861 988.992416553
99.5435168258
Case #62: scalene obtuse triangle
265.211236564 472.0 265.211236564
125.710494791
Case #63: isosceles obtuse triangle
1777.25996973 917.034895737 1448.79674213
94.7208017218
Case #64: scalene obtuse triangle
216.831731995 153.32318807 153.32318807
90.0
Case #65: isosceles right triangle
0.0 0.0 0.0
Case #66: not a triangle
1143.41680939 777.190452849 1123.44692799
71.3387590663
Case #67: scalene acute triangle
83.0963296422 165.462986798 83.0963296422
169.258010609
Case #68: isosceles obtuse triangle
70.1783442381 106.066017178 70.1783442381
98.1712335599
Case #69: isosceles obtuse triangle
228.442552954 161.533278305 161.533278305
90.0
Case #70: isosceles right triangle
125.642349548 88.8425573698 88.8425573698
90.0
Case #71: isosceles right triangle
188.798834742 566.396504227 377.597669484
179.999998292
Case #72: scalene obtuse triangle
0.0 135.428948161 135.428948161
Case #73: not a triangle
128.132743668 203.646752982 128.132743668
105.248385009
Case #74: isosceles obtuse triangle
33.1209903234 33.1209903234 18.3847763109
73.8865817669
Case #75: isosceles acute triangle
1143.52831185 719.555418297 1006.78945167
81.1171724218
Case #76: scalene acute triangle
143.282936877 218.0 143.282936877
99.0576484739
Case #77: isosceles obtuse triangle
1221.76675352 191.049731745 1293.30352199
107.891582839
Case #78: scalene obtuse triangle
903.64816162 172.626765016 774.919350642
134.127727339
Case #79: scalene obtuse triangle
599.954164916 1142.34320587 624.05208116
137.89618417
Case #80: scalene obtuse triangle
1777.20285843 1407.60505825 2054.68683745
79.4265774476
Case #81: scalene acute triangle
12.0 60.2992537267 60.2992537267
84.2894068625
Case #82: isosceles acute triangle
345.14055108 478.0 345.14055108
87.6521409112
Case #83: isosceles acute triangle
106.0 60.415229868 60.415229868
122.627704853
Case #84: isosceles obtuse triangle
1637.27151078 81.6088230524 1558.46142076
164.566607474
Case #85: scalene obtuse triangle
157.155973479 157.155973479 154.0
60.6621063453
Case #86: isosceles acute triangle
0.0 0.0 0.0
Case #87: not a triangle
1698.72923093 678.801885678 1112.76457528
141.767825074
Case #88: scalene obtuse triangle
460.0 258.503384891 258.503384891
125.680408615
Case #89: isosceles obtuse triangle
48.0 0.0 48.0
Case #90: not a triangle
165.462986798 118.004237212 118.004237212
89.02890834
Case #91: isosceles acute triangle
97.1287804927 194.257560985 291.386341478
Case #92: not a triangle
130.0 130.0 183.847763109
90.0
Case #93: isosceles right triangle
72.4430811051 72.4430811051 16.0
83.6598082541
Case #94: isosceles acute triangle
462.447834896 252.936750987 252.936750987
132.172602123
Case #95: isosceles obtuse triangle
266.18226838 524.0 266.18226838
159.659843163
Case #96: isosceles obtuse triangle
25.0 35.3553390593 25.0
90.0
Case #97: isosceles right triangle
249.839948767 124.919974384 124.919974384
Case #98: not a triangle
81.0987052918 243.296115875 162.197410584
Case #99: not a triangle
105.233074649 315.699223946 210.466149297
Case #100: not a triangle
